============================================================
AUTONOMOUS ML TRAINING LOOP
  Assets: ['BTC', 'ETH']
  Retrain every: 4.0h (14400s)
  Max cycles: infinite
  Bars per cycle: 10000
  Press Ctrl+C to stop
============================================================

************************************************************
C:\Users\convo\trade\src\scripts\train_all_models.py:1173: DeprecationWarning: datetime.datetime.utcnow() is deprecated and scheduled for removal in a future version. Use timezone-aware objects to represent datetimes in UTC: datetime.datetime.now(datetime.UTC).
  print(f"* CYCLE #{cycle} - {datetime.utcnow().strftime('%Y-%m-%d %H:%M:%S UTC')}")
* CYCLE #1 - 2026-04-03 21:00:16 UTC
************************************************************

############################################################
# BTC
############################################################

============================================================
FETCHING 10000 5m BARS FOR BTC
============================================================
    ... fetched 1000/10000 bars
    ... fetched 2000/10000 bars
    ... fetched 3000/10000 bars
    ... fetched 4000/10000 bars
    ... fetched 5000/10000 bars
    ... fetched 6000/10000 bars
    ... fetched 7000/10000 bars
    ... fetched 8000/10000 bars
    ... fetched 9000/10000 bars
    ... fetched 10000/10000 bars
  Fetched 10000 bars from Binance (real market data)
  Bars: 10000 | Price: $66,810.80 | Range: $63,173.80-$75,899.90

============================================================
1. TRAINING LIGHTGBM CLASSIFIER (BTC)
  Features: 30 EMA crossover strategy features
  Labels: L1-death vs L2-3 vs L4+ runner (trailing SL simulation)
============================================================
  Sequences: (9915, 1, 30) | Labels: SHORT-L4+=442 L1-L3=8965 LONG-L4+=508
  Crossover events: 2083 | L1-death=1534 L2-L3=443 L4+runner=106
  Oversampled L4+ runners: 96 -> 576 samples
  Training: 2898 samples | L1=1194 L2-L3=1128 L4+=576
Training until validation scores don't improve for 80 rounds
[200]	valid_0's multi_logloss: 0.668374
Early stopping, best iteration is:
[160]	valid_0's multi_logloss: 0.665326
    L1-DEATH: 340 samples | recall: 93% | precision: 82%
    L2-L3: 67 samples | recall: 4% | precision: 14%
    L4+RUNNER: 10 samples | recall: 0% | precision: 0%
    Overall accuracy: 77%
  Top strategy features: ['macd_cross=33385', 'vol_delta_dir=5475', 'vol_trend=4947', 'vol_up_vs_down=3913', 'rsi_norm=3909', 'price_velocity_3bar=3729', 'atr_pct=3686', 'dist_to_support=3662']
  Model saved: models/lgbm_btc_trained.txt + lgbm_latest.txt

============================================================
2. TRAINING HMM REGIME DETECTOR (BTC)
  Observations: log_return + volatility + EMA(8) slope
  Purpose: detect BULL/BEAR/SIDEWAYS/CRISIS for EMA crossover trades
============================================================
WARNING: Model is not converging.  Current: 123661.36315575581 is not greater than 123693.8049839168. Delta is -32.44182816098328
INFO: HMM fitted on 9999 observations, 4 states, score=123620.57
  HMM fitted on 9999 observations
  Current regime: sideways (conf: 0.00)
  Crisis prob: 0.000
  Saved: models/hmm_btc.pkl

============================================================
5. TRAINING GARCH(1,1) (BTC)
============================================================
  Fitted on 10000 prices
  Current vol: 0.000596
  Params: omega=0.000000 alpha=0.1500 beta=0.8000
  Persistence: 0.9500 (should be < 1.0)
  Saved: models/garch_btc.pkl

============================================================
6. TRAINING ALPHA DECAY (BTC)
============================================================
INFO: Alpha Decay: lambda=0.0351, half_life=19.8 bars, optimal_hold=18 bars, peak_IC=-0.0748
  Half-life: 19.8 bars (99 min)
  Optimal hold: 18 bars (90 min)
  Peak alpha: 0.0748
  Saved: models/alpha_decay_btc.pkl

============================================================
3. TRAINING LSTM ENSEMBLE (BTC)
============================================================
  PyTorch 2.11.0+cu128 | CUDA: False
  Sequences: (9915, 30, 30) | Labels: SHORT-L4+=442 L1-L3=8965 LONG-L4+=508
INFO: Loaded lstm model from models/lstm_ensemble_btc\lstm.pth
INFO: Loaded gru model from models/lstm_ensemble_btc\gru.pth
INFO: Loaded bilstm model from models/lstm_ensemble_btc\bilstm.pth
INFO: Class weights: L1-death=1.56 L2-L3=0.50 L4+=4.08
INFO: lstm: Early stopping at epoch 20
INFO: lstm: val_loss=0.3568, val_acc=0.713
INFO: gru: Early stopping at epoch 20
INFO: gru: val_loss=0.3748, val_acc=0.665
INFO: bilstm: Early stopping at epoch 20
INFO: bilstm: val_loss=0.2993, val_acc=0.707

  Results:
    lstm: val_loss=0.3568 acc=71.3% epochs=21
    gru: val_loss=0.3748 acc=66.5% epochs=21
    bilstm: val_loss=0.2993 acc=70.7% epochs=21
  Test: signal=FLAT conf=0.65

############################################################
# ETH
############################################################

============================================================
FETCHING 10000 5m BARS FOR ETH
============================================================
    ... fetched 1000/10000 bars
    ... fetched 2000/10000 bars
    ... fetched 3000/10000 bars
    ... fetched 4000/10000 bars
    ... fetched 5000/10000 bars
    ... fetched 6000/10000 bars
    ... fetched 7000/10000 bars
    ... fetched 8000/10000 bars
    ... fetched 9000/10000 bars
    ... fetched 10000/10000 bars
  Fetched 10000 bars from Binance (real market data)
  Bars: 10000 | Price: $2,052.84 | Range: $1,841.51-$2,380.18

============================================================
1. TRAINING LIGHTGBM CLASSIFIER (ETH)
  Features: 30 EMA crossover strategy features
  Labels: L1-death vs L2-3 vs L4+ runner (trailing SL simulation)
============================================================
  Sequences: (9915, 1, 30) | Labels: SHORT-L4+=841 L1-L3=8127 LONG-L4+=947
  Crossover events: 2090 | L1-death=1464 L2-L3=443 L4+runner=183
  Oversampled L4+ runners: 150 -> 900 samples
  Training: 3164 samples | L1=1151 L2-L3=1113 L4+=900
Training until validation scores don't improve for 80 rounds
[200]	valid_0's multi_logloss: 0.743693
Early stopping, best iteration is:
[165]	valid_0's multi_logloss: 0.738502
    L1-DEATH: 313 samples | recall: 96% | precision: 76%
    L2-L3: 72 samples | recall: 4% | precision: 16%
    L4+RUNNER: 33 samples | recall: 3% | precision: 25%
    Overall accuracy: 72%
  Top strategy features: ['macd_cross=37651', 'vol_delta_dir=4820', 'vol_up_vs_down=4726', 'green_streak=4467', 'macd_hist_norm=4431', 'vol_trend=4417', 'ema8_vs_ema50=3874', 'body_ratio=3871']
  Model saved: models/lgbm_eth_trained.txt + lgbm_latest.txt

============================================================
2. TRAINING HMM REGIME DETECTOR (ETH)
  Observations: log_return + volatility + EMA(8) slope
  Purpose: detect BULL/BEAR/SIDEWAYS/CRISIS for EMA crossover trades
============================================================
INFO: HMM fitted on 9999 observations, 4 states, score=118513.57
  HMM fitted on 9999 observations
  Current regime: sideways (conf: 0.00)
  Crisis prob: 0.000
  Saved: models/hmm_eth.pkl

============================================================
5. TRAINING GARCH(1,1) (ETH)
============================================================
  Fitted on 10000 prices
  Current vol: 0.000754
  Params: omega=0.000000 alpha=0.1500 beta=0.8000
  Persistence: 0.9500 (should be < 1.0)
  Saved: models/garch_eth.pkl

============================================================
6. TRAINING ALPHA DECAY (ETH)
============================================================
INFO: Alpha Decay: lambda=0.0358, half_life=19.4 bars, optimal_hold=22 bars, peak_IC=-0.0940
  Half-life: 19.4 bars (97 min)
  Optimal hold: 22 bars (110 min)
  Peak alpha: 0.0940
  Saved: models/alpha_decay_eth.pkl

============================================================
3. TRAINING LSTM ENSEMBLE (ETH)
============================================================
  PyTorch 2.11.0+cu128 | CUDA: False
  Sequences: (9915, 30, 30) | Labels: SHORT-L4+=841 L1-L3=8127 LONG-L4+=947
INFO: Class weights: L1-death=1.51 L2-L3=0.50 L4+=4.01
INFO: lstm: Early stopping at epoch 21
INFO: lstm: val_loss=0.5269, val_acc=0.469
INFO: gru: Early stopping at epoch 20
INFO: gru: val_loss=0.5274, val_acc=0.416
INFO: bilstm: Early stopping at epoch 20
INFO: bilstm: val_loss=0.5069, val_acc=0.372

  Results:
    lstm: val_loss=0.5269 acc=46.9% epochs=22
    gru: val_loss=0.5274 acc=41.6% epochs=21
    bilstm: val_loss=0.5069 acc=37.2% epochs=21
  Test: signal=FLAT conf=0.78

============================================================
TRAINING SUMMARY - Cycle #1 (took 955s)
============================================================
  [OK] BTC_lgbm
  [OK] BTC_hmm
  [OK] BTC_garch
  [OK] BTC_alpha
  [OK] BTC_lstm
  [OK] ETH_lgbm
  [OK] ETH_hmm
  [OK] ETH_garch
  [OK] ETH_alpha
  [OK] ETH_lstm
  Score: 10/10 models trained successfully
============================================================
C:\Users\convo\trade\src\scripts\train_all_models.py:1117: DeprecationWarning: datetime.datetime.utcnow() is deprecated and scheduled for removal in a future version. Use timezone-aware objects to represent datetimes in UTC: datetime.datetime.now(datetime.UTC).
  'timestamp': datetime.utcnow().isoformat(),
C:\Users\convo\trade\src\scripts\train_all_models.py:1198: DeprecationWarning: datetime.datetime.utcfromtimestamp() is deprecated and scheduled for removal in a future version. Use timezone-aware objects to represent datetimes in UTC: datetime.datetime.fromtimestamp(timestamp, datetime.UTC).
  next_train = datetime.utcfromtimestamp(time.time() + loop_seconds)

  Next training: 2026-04-04 01:16:11 UTC
  Sleeping 14400s...
