============================================================
AUTONOMOUS ML TRAINING LOOP — MULTI-TIMEFRAME
  Assets: ['BTC', 'ETH']
  Multi-timeframe: True
  Retrain every: 4.0h (14400s)
  Max cycles: infinite
  Bars per cycle: 20000
  Press Ctrl+C to stop
============================================================

************************************************************
* CYCLE #1 - 2026-04-06 16:21:46 UTC
************************************************************

############################################################
# BTC
############################################################

############################################################
# MULTI-TIMEFRAME DATA: BTC
############################################################

============================================================
FETCHING 50000 1m BARS FOR BTC
============================================================
    ... fetched 1000/50000 bars
    ... fetched 2000/50000 bars
    ... fetched 3000/50000 bars
    ... fetched 4000/50000 bars
    ... fetched 5000/50000 bars
    ... fetched 6000/50000 bars
    ... fetched 7000/50000 bars
    ... fetched 8000/50000 bars
    ... fetched 9000/50000 bars
    ... fetched 10000/50000 bars
    ... fetched 11000/50000 bars
    ... fetched 12000/50000 bars
    ... fetched 13000/50000 bars
    ... fetched 14000/50000 bars
    ... fetched 15000/50000 bars
    ... fetched 16000/50000 bars
    ... fetched 17000/50000 bars
    ... fetched 18000/50000 bars
    ... fetched 19000/50000 bars
    ... fetched 20000/50000 bars
    ... fetched 21000/50000 bars
    ... fetched 22000/50000 bars
    ... fetched 23000/50000 bars
    ... fetched 24000/50000 bars
    ... fetched 25000/50000 bars
    ... fetched 26000/50000 bars
    ... fetched 27000/50000 bars
    ... fetched 28000/50000 bars
    ... fetched 29000/50000 bars
    ... fetched 30000/50000 bars
    ... fetched 31000/50000 bars
    ... fetched 32000/50000 bars
    ... fetched 33000/50000 bars
    ... fetched 34000/50000 bars
    ... fetched 35000/50000 bars
    ... fetched 36000/50000 bars
    ... fetched 37000/50000 bars
    ... fetched 38000/50000 bars
    ... fetched 39000/50000 bars
    ... fetched 40000/50000 bars
    ... fetched 41000/50000 bars
    ... fetched 42000/50000 bars
    ... fetched 43000/50000 bars
    ... fetched 44000/50000 bars
    ... fetched 45000/50000 bars
    ... fetched 46000/50000 bars
    ... fetched 47000/50000 bars
    ... fetched 48000/50000 bars
    ... fetched 49000/50000 bars
    ... fetched 50000/50000 bars
  Fetched 50000 bars (1m) from Binance
  1m: 50000 bars | $69,940.00 | Range: $65,000.10-$75,950.50

============================================================
FETCHING 20000 5m BARS FOR BTC
============================================================
    ... fetched 1000/20000 bars
    ... fetched 2000/20000 bars
    ... fetched 3000/20000 bars
    ... fetched 4000/20000 bars
    ... fetched 5000/20000 bars
    ... fetched 6000/20000 bars
    ... fetched 7000/20000 bars
    ... fetched 8000/20000 bars
    ... fetched 9000/20000 bars
    ... fetched 10000/20000 bars
    ... fetched 11000/20000 bars
    ... fetched 12000/20000 bars
    ... fetched 13000/20000 bars
    ... fetched 14000/20000 bars
    ... fetched 15000/20000 bars
    ... fetched 16000/20000 bars
    ... fetched 17000/20000 bars
    ... fetched 18000/20000 bars
    ... fetched 19000/20000 bars
    ... fetched 20000/20000 bars
  Fetched 20000 bars (5m) from Binance
  5m: 20000 bars | $69,958.50 | Range: $60,003.90-$90,449.50

============================================================
FETCHING 6666 15m BARS FOR BTC
============================================================
    ... fetched 1000/6666 bars
    ... fetched 2000/6666 bars
    ... fetched 3000/6666 bars
    ... fetched 4000/6666 bars
    ... fetched 5000/6666 bars
    ... fetched 6000/6666 bars
    ... fetched 6666/6666 bars
  Fetched 6666 bars (15m) from Binance
  15m: 6666 bars | $69,977.90 | Range: $60,199.10-$90,361.10

============================================================
FETCHING 1666 1h BARS FOR BTC
============================================================
    ... fetched 1000/1666 bars
  Fetched 1666 bars (1h) from Binance
  1h: 1666 bars | $69,978.00 | Range: $62,868.10-$90,220.10

============================================================
FETCHING 416 4h BARS FOR BTC
============================================================
    ... fetched 416/416 bars
  Fetched 416 bars (4h) from Binance
  4h: 416 bars | $69,998.90 | Range: $62,868.10-$90,036.90

============================================================
FETCHING 200 1d BARS FOR BTC
============================================================
    ... fetched 200/200 bars
  Fetched 200 bars (1d) from Binance
  1d: 200 bars | $69,998.90 | Range: $62,868.10-$124,628.50
  Bars: 20000 | Price: $69,958.50 | Range: $60,003.90-$90,449.50

============================================================
1. TRAINING LIGHTGBM CLASSIFIER (BTC)
  Labels: SKIP (L1 death) vs TRADE (L2+ profit locked)
============================================================
  Using 40 strategy features (30 base + 5 Kalman + 5 inflection)
  Training data: 19915 bars | SKIP=9392 (47%) TRADE=10523 (53%)
  TRADE weight: 1.15x
Training until validation scores don't improve for 80 rounds
Early stopping, best iteration is:
[105]	valid_0's binary_logloss: 0.615458
    SKIP(L1-death): n=2474 | P=71% R=78% F1=74%
    TRADE(L2+-profit): n=1509 | P=57% R=47% F1=51%
    TRADE optimal threshold: 0.365 (F1=59%)
    Overall accuracy: 66%
  Top features: ['atr_pct=29655', 'bb_width=5300', 'ema8_vs_ema50=2699', 'prior_trend_bars=2198', 'macd_hist_norm=1914', 'vol_trend=1793', 'dist_to_resistance=1475', 'vol_up_vs_down=1427']
  Saved: models/lgbm_btc_trained.txt + thresholds

============================================================
2. TRAINING HMM REGIME DETECTOR (BTC)
============================================================
WARNING: Model is not converging.  Current: 250302.16171664858 is not greater than 250388.96014008834. Delta is -86.79842343975906
INFO: HMM fitted on 19999 observations, 4 states, score=250220.90
  HMM fitted on 19999 observations
  Current regime: sideways (conf: 0.00)
  Crisis prob: 0.000
  Saved: models/hmm_btc.pkl

============================================================
5. TRAINING GARCH(1,1) (BTC)
============================================================
  Fitted on 20000 prices
  Current vol: 0.001129
  Params: omega=0.000000 alpha=0.1500 beta=0.7000
  Persistence: 0.8500 (should be < 1.0)
  Saved: models/garch_btc.pkl

============================================================
6. TRAINING ALPHA DECAY (BTC)
============================================================
INFO: Alpha Decay: lambda=0.0129, half_life=53.6 bars, optimal_hold=3 bars, peak_IC=-0.0474
  Half-life: 53.6 bars (268 min)
  Optimal hold: 3 bars (15 min)
  Peak alpha: 0.0474
  Saved: models/alpha_decay_btc.pkl

============================================================
3. TRAINING LSTM ENSEMBLE (BTC)
============================================================
  PyTorch 2.11.0+cu128 | CUDA: False
  Using 40 strategy features (30 base + 5 Kalman + 5 inflection)
  Sequences: (19915, 30, 40) | SKIP=9392 (47%) TRADE=10523 (53%)
  Removed old checkpoint: bilstm.pth
  Removed old checkpoint: gru.pth
  Removed old checkpoint: lstm.pth
  Classes: 2 (SKIP vs TRADE) | Features: 40
INFO: Loaded thresholds: {'0': {'threshold': 0.39000000000000024, 'best_f1': 0.8039338773318706}, '1': {'threshold': 0.4700000000000003, 'best_f1': 0.580889962009871}}
INFO: Before oversample: {0: 7445, 1: 9483}
INFO: After oversample: {0: 9483, 1: 9483}
INFO: Class weights (2): [0.9999999999989999, 1.9999999999979998]
INFO: lstm: Early stopping at epoch 29
INFO: lstm: val_loss=0.2193, val_f1=0.596, per_class_f1=['0.614', '0.486']
INFO: gru: Early stopping at epoch 27
INFO: gru: val_loss=0.2187, val_f1=0.598, per_class_f1=['0.698', '0.483']
INFO: bilstm: Early stopping at epoch 26
INFO: bilstm: val_loss=0.2165, val_f1=0.619, per_class_f1=['0.595', '0.496']
INFO: Optimizing classification thresholds...
INFO: Optimal thresholds: {'0': {'threshold': 0.42000000000000026, 'best_f1': 0.8020326063457472}, '1': {'threshold': 0.4800000000000003, 'best_f1': 0.5841995841534435}}
INFO:   Ensemble SKIP: P=0.796 R=0.607 F1=0.689 (n=1947)
INFO:   Ensemble TRADE: P=0.491 R=0.710 F1=0.580 (n=1040)

  Results:
    lstm: val_loss=0.2193 val_f1=0.596 acc=55.9% epochs=30 | F1[0]=61% F1[1]=49%
    gru: val_loss=0.2187 val_f1=0.598 acc=61.9% epochs=28 | F1[0]=70% F1[1]=48%
    bilstm: val_loss=0.2165 val_f1=0.619 acc=55.1% epochs=27 | F1[0]=59% F1[1]=50%
  Test: quality=TRADE L4_prob=0.50 conf=0.50

############################################################
# ETH
############################################################

############################################################
# MULTI-TIMEFRAME DATA: ETH
############################################################

============================================================
FETCHING 50000 1m BARS FOR ETH
============================================================
    ... fetched 1000/50000 bars
    ... fetched 2000/50000 bars
    ... fetched 3000/50000 bars
    ... fetched 4000/50000 bars
    ... fetched 5000/50000 bars
    ... fetched 6000/50000 bars
    ... fetched 7000/50000 bars
    ... fetched 8000/50000 bars
    ... fetched 9000/50000 bars
    ... fetched 10000/50000 bars
    ... fetched 11000/50000 bars
    ... fetched 12000/50000 bars
    ... fetched 13000/50000 bars
    ... fetched 14000/50000 bars
    ... fetched 15000/50000 bars
    ... fetched 16000/50000 bars
    ... fetched 17000/50000 bars
    ... fetched 18000/50000 bars
    ... fetched 19000/50000 bars
    ... fetched 20000/50000 bars
    ... fetched 21000/50000 bars
    ... fetched 22000/50000 bars
    ... fetched 23000/50000 bars
    ... fetched 24000/50000 bars
    ... fetched 25000/50000 bars
    ... fetched 26000/50000 bars
    ... fetched 27000/50000 bars
    ... fetched 28000/50000 bars
    ... fetched 29000/50000 bars
    ... fetched 30000/50000 bars
    ... fetched 31000/50000 bars
    ... fetched 32000/50000 bars
    ... fetched 33000/50000 bars
    ... fetched 34000/50000 bars
    ... fetched 35000/50000 bars
    ... fetched 36000/50000 bars
    ... fetched 37000/50000 bars
    ... fetched 38000/50000 bars
    ... fetched 39000/50000 bars
    ... fetched 40000/50000 bars
    ... fetched 41000/50000 bars
    ... fetched 42000/50000 bars
    ... fetched 43000/50000 bars
    ... fetched 44000/50000 bars
    ... fetched 45000/50000 bars
    ... fetched 46000/50000 bars
    ... fetched 47000/50000 bars
    ... fetched 48000/50000 bars
    ... fetched 49000/50000 bars
    ... fetched 50000/50000 bars
  Fetched 50000 bars (1m) from Binance
  1m: 50000 bars | $2,159.58 | Range: $1,915.63-$2,384.11

============================================================
FETCHING 20000 5m BARS FOR ETH
============================================================
    ... fetched 1000/20000 bars
    ... fetched 2000/20000 bars
    ... fetched 3000/20000 bars
    ... fetched 4000/20000 bars
    ... fetched 5000/20000 bars
    ... fetched 6000/20000 bars
    ... fetched 7000/20000 bars
    ... fetched 8000/20000 bars
    ... fetched 9000/20000 bars
    ... fetched 10000/20000 bars
    ... fetched 11000/20000 bars
    ... fetched 12000/20000 bars
    ... fetched 13000/20000 bars
    ... fetched 14000/20000 bars
    ... fetched 15000/20000 bars
    ... fetched 16000/20000 bars
    ... fetched 17000/20000 bars
    ... fetched 18000/20000 bars
    ... fetched 19000/20000 bars
    ... fetched 20000/20000 bars
  Fetched 20000 bars (5m) from Binance
  5m: 20000 bars | $2,159.70 | Range: $1,746.19-$3,041.10

============================================================
FETCHING 6666 15m BARS FOR ETH
============================================================
    ... fetched 1000/6666 bars
    ... fetched 2000/6666 bars
    ... fetched 3000/6666 bars
    ... fetched 4000/6666 bars
    ... fetched 5000/6666 bars
    ... fetched 6000/6666 bars
    ... fetched 6666/6666 bars
  Fetched 6666 bars (15m) from Binance
  15m: 6666 bars | $2,159.62 | Range: $1,765.49-$3,040.38

============================================================
FETCHING 1666 1h BARS FOR ETH
============================================================
    ... fetched 1000/1666 bars
  Fetched 1666 bars (1h) from Binance
  1h: 1666 bars | $2,159.62 | Range: $1,814.60-$3,038.41

============================================================
FETCHING 416 4h BARS FOR ETH
============================================================
    ... fetched 416/416 bars
  Fetched 416 bars (4h) from Binance
  4h: 416 bars | $2,159.36 | Range: $1,824.63-$3,038.41

============================================================
FETCHING 200 1d BARS FOR ETH
============================================================
    ... fetched 200/200 bars
  Fetched 200 bars (1d) from Binance
  1d: 200 bars | $2,159.36 | Range: $1,824.95-$4,682.43
  Bars: 20000 | Price: $2,159.70 | Range: $1,746.19-$3,041.10

============================================================
1. TRAINING LIGHTGBM CLASSIFIER (ETH)
  Labels: SKIP (L1 death) vs TRADE (L2+ profit locked)
============================================================
  Using 40 strategy features (30 base + 5 Kalman + 5 inflection)
  Training data: 19915 bars | SKIP=7467 (37%) TRADE=12448 (63%)
  TRADE weight: 0.75x
Training until validation scores don't improve for 80 rounds
Early stopping, best iteration is:
[35]	valid_0's binary_logloss: 0.655995
    SKIP(L1-death): n=2155 | P=58% R=86% F1=70%
    TRADE(L2+-profit): n=1828 | P=63% R=28% F1=38%
    TRADE optimal threshold: 0.350 (F1=66%)
    Overall accuracy: 59%
  Top features: ['atr_pct=23718', 'bb_width=1966', 'log_vol_norm=1430', 'ema8_vs_ema50=1163', 'dist_to_resistance=1092', 'obv_slope=965', 'rsi_norm=791', 'kalman_snr=771']
  Saved: models/lgbm_eth_trained.txt + thresholds

============================================================
2. TRAINING HMM REGIME DETECTOR (ETH)
============================================================
INFO: HMM fitted on 19999 observations, 4 states, score=238455.09
  HMM fitted on 19999 observations
  Current regime: sideways (conf: 0.00)
  Crisis prob: 0.000
  Saved: models/hmm_eth.pkl

============================================================
5. TRAINING GARCH(1,1) (ETH)
============================================================
  Fitted on 20000 prices
  Current vol: 0.001331
  Params: omega=0.000000 alpha=0.1500 beta=0.7000
  Persistence: 0.8500 (should be < 1.0)
  Saved: models/garch_eth.pkl

============================================================
6. TRAINING ALPHA DECAY (ETH)
============================================================
INFO: Alpha Decay: lambda=0.0214, half_life=32.4 bars, optimal_hold=18 bars, peak_IC=-0.0533
  Half-life: 32.4 bars (162 min)
  Optimal hold: 18 bars (90 min)
  Peak alpha: 0.0533
  Saved: models/alpha_decay_eth.pkl

============================================================
3. TRAINING LSTM ENSEMBLE (ETH)
============================================================
  PyTorch 2.11.0+cu128 | CUDA: False
  Using 40 strategy features (30 base + 5 Kalman + 5 inflection)
  Sequences: (19915, 30, 40) | SKIP=7467 (37%) TRADE=12448 (63%)
  Removed old checkpoint: bilstm.pth
  Removed old checkpoint: gru.pth
  Removed old checkpoint: lstm.pth
  Classes: 2 (SKIP vs TRADE) | Features: 40
INFO: Loaded thresholds: {'0': {'threshold': 0.15, 'best_f1': 0.7245943637453924}, '1': {'threshold': 0.42000000000000026, 'best_f1': 0.6368078175440322}}
INFO: Before oversample: {0: 5767, 1: 11161}
INFO: After oversample: {0: 11161, 1: 11161}
INFO: Class weights (2): [0.9999999999989999, 1.9999999999979998]
INFO: lstm: Early stopping at epoch 30
INFO: lstm: val_loss=0.2456, val_f1=0.624, per_class_f1=['0.592', '0.578']
INFO: gru: Early stopping at epoch 30
INFO: gru: val_loss=0.2564, val_f1=0.612, per_class_f1=['0.585', '0.536']
INFO: bilstm: Early stopping at epoch 34
INFO: bilstm: val_loss=0.2498, val_f1=0.621, per_class_f1=['0.636', '0.600']
INFO: Optimizing classification thresholds...
INFO: Optimal thresholds: {'0': {'threshold': 0.40000000000000024, 'best_f1': 0.7367183826506171}, '1': {'threshold': 0.4500000000000003, 'best_f1': 0.6459121326269582}}
INFO:   Ensemble SKIP: P=0.729 R=0.544 F1=0.623 (n=1700)
INFO:   Ensemble TRADE: P=0.549 R=0.733 F1=0.628 (n=1287)

  Results:
    lstm: val_loss=0.2456 val_f1=0.624 acc=58.5% epochs=31 | F1[0]=59% F1[1]=58%
    gru: val_loss=0.2564 val_f1=0.612 acc=56.2% epochs=31 | F1[0]=58% F1[1]=54%
    bilstm: val_loss=0.2498 val_f1=0.621 acc=61.9% epochs=35 | F1[0]=64% F1[1]=60%
  Test: quality=SKIP L4_prob=0.49 conf=0.51

============================================================
TRAINING SUMMARY - Cycle #1 (took 935s)
============================================================
  [OK] BTC_lgbm
  [OK] BTC_hmm
  [OK] BTC_garch
  [OK] BTC_alpha
  [OK] BTC_lstm
  [OK] ETH_lgbm
  [OK] ETH_hmm
  [OK] ETH_garch
  [OK] ETH_alpha
  [OK] ETH_lstm
  Score: 10/10 models trained successfully
============================================================

  Next training: 2026-04-06 20:37:21 UTC
  Sleeping 14400s...

************************************************************
* CYCLE #2 - 2026-04-06 20:37:21 UTC
************************************************************

############################################################
# BTC
############################################################

############################################################
# MULTI-TIMEFRAME DATA: BTC
############################################################

============================================================
FETCHING 50000 1m BARS FOR BTC
============================================================
    ... fetched 1000/50000 bars
    ... fetched 2000/50000 bars
    ... fetched 3000/50000 bars
    ... fetched 4000/50000 bars
    ... fetched 5000/50000 bars
    ... fetched 6000/50000 bars
    ... fetched 7000/50000 bars
    ... fetched 8000/50000 bars
    ... fetched 9000/50000 bars
    ... fetched 10000/50000 bars
    ... fetched 11000/50000 bars
    ... fetched 12000/50000 bars
    ... fetched 13000/50000 bars
    ... fetched 14000/50000 bars
    ... fetched 15000/50000 bars
    ... fetched 16000/50000 bars
    ... fetched 17000/50000 bars
    ... fetched 18000/50000 bars
    ... fetched 19000/50000 bars
    ... fetched 20000/50000 bars
    ... fetched 21000/50000 bars
    ... fetched 22000/50000 bars
    ... fetched 23000/50000 bars
    ... fetched 24000/50000 bars
    ... fetched 25000/50000 bars
    ... fetched 26000/50000 bars
    ... fetched 27000/50000 bars
    ... fetched 28000/50000 bars
    ... fetched 29000/50000 bars
    ... fetched 30000/50000 bars
    ... fetched 31000/50000 bars
    ... fetched 32000/50000 bars
    ... fetched 33000/50000 bars
    ... fetched 34000/50000 bars
    ... fetched 35000/50000 bars
    ... fetched 36000/50000 bars
    ... fetched 37000/50000 bars
    ... fetched 38000/50000 bars
    ... fetched 39000/50000 bars
    ... fetched 40000/50000 bars
    ... fetched 41000/50000 bars
    ... fetched 42000/50000 bars
    ... fetched 43000/50000 bars
    ... fetched 44000/50000 bars
    ... fetched 45000/50000 bars
    ... fetched 46000/50000 bars
    ... fetched 47000/50000 bars
    ... fetched 48000/50000 bars
    ... fetched 49000/50000 bars
    ... fetched 50000/50000 bars
  Fetched 50000 bars (1m) from Binance
  1m: 50000 bars | $69,898.20 | Range: $65,000.10-$75,950.50

============================================================
FETCHING 20000 5m BARS FOR BTC
============================================================
    ... fetched 1000/20000 bars
    ... fetched 2000/20000 bars
    ... fetched 3000/20000 bars
    ... fetched 4000/20000 bars
    ... fetched 5000/20000 bars
    ... fetched 6000/20000 bars
    ... fetched 7000/20000 bars
    ... fetched 8000/20000 bars
    ... fetched 9000/20000 bars
    ... fetched 10000/20000 bars
    ... fetched 11000/20000 bars
    ... fetched 12000/20000 bars
    ... fetched 13000/20000 bars
    ... fetched 14000/20000 bars
    ... fetched 15000/20000 bars
    ... fetched 16000/20000 bars
    ... fetched 17000/20000 bars
    ... fetched 18000/20000 bars
    ... fetched 19000/20000 bars
    ... fetched 20000/20000 bars
  Fetched 20000 bars (5m) from Binance
  5m: 20000 bars | $69,898.20 | Range: $60,003.90-$90,449.50

============================================================
FETCHING 6666 15m BARS FOR BTC
============================================================
    ... fetched 1000/6666 bars
    ... fetched 2000/6666 bars
    ... fetched 3000/6666 bars
    ... fetched 4000/6666 bars
    ... fetched 5000/6666 bars
    ... fetched 6000/6666 bars
    ... fetched 6666/6666 bars
  Fetched 6666 bars (15m) from Binance
  15m: 6666 bars | $69,921.40 | Range: $60,199.10-$90,361.10

============================================================
FETCHING 1666 1h BARS FOR BTC
============================================================
    ... fetched 1000/1666 bars
  Fetched 1666 bars (1h) from Binance
  1h: 1666 bars | $69,921.30 | Range: $62,868.10-$90,220.10

============================================================
FETCHING 416 4h BARS FOR BTC
============================================================
    ... fetched 416/416 bars
  Fetched 416 bars (4h) from Binance
  4h: 416 bars | $69,921.40 | Range: $62,868.10-$90,036.90

============================================================
FETCHING 200 1d BARS FOR BTC
============================================================
    ... fetched 200/200 bars
  Fetched 200 bars (1d) from Binance
  1d: 200 bars | $69,921.30 | Range: $62,868.10-$124,628.50
  Bars: 20000 | Price: $69,898.20 | Range: $60,003.90-$90,449.50

============================================================
1. TRAINING LIGHTGBM CLASSIFIER (BTC)
  Labels: SKIP (L1 death) vs TRADE (L2+ profit locked)
============================================================
  Using 40 strategy features (30 base + 5 Kalman + 5 inflection)
  Training data: 19915 bars | SKIP=9367 (47%) TRADE=10548 (53%)
  TRADE weight: 1.15x
Training until validation scores don't improve for 80 rounds
Early stopping, best iteration is:
[110]	valid_0's binary_logloss: 0.614376
    SKIP(L1-death): n=2459 | P=70% R=79% F1=74%
    TRADE(L2+-profit): n=1524 | P=58% R=46% F1=51%
    TRADE optimal threshold: 0.365 (F1=59%)
    Overall accuracy: 66%
  Top features: ['atr_pct=29100', 'bb_width=5263', 'ema8_vs_ema50=3186', 'prior_trend_bars=2372', 'macd_hist_norm=1991', 'vol_trend=1788', 'dist_to_support=1601', 'atr_expansion=1540']
  Saved: models/lgbm_btc_trained.txt + thresholds

============================================================
2. TRAINING HMM REGIME DETECTOR (BTC)
============================================================
INFO: HMM fitted on 19999 observations, 4 states, score=249932.34
  HMM fitted on 19999 observations
  Current regime: sideways (conf: 0.00)
  Crisis prob: 0.000
  Saved: models/hmm_btc.pkl

============================================================
5. TRAINING GARCH(1,1) (BTC)
============================================================
  Fitted on 20000 prices
  Current vol: 0.000963
  Params: omega=0.000000 alpha=0.1500 beta=0.7000
  Persistence: 0.8500 (should be < 1.0)
  Saved: models/garch_btc.pkl

============================================================
6. TRAINING ALPHA DECAY (BTC)
============================================================
INFO: Alpha Decay: lambda=0.0100, half_life=69.3 bars, optimal_hold=17 bars, peak_IC=-0.0488
  Half-life: 69.3 bars (347 min)
  Optimal hold: 17 bars (85 min)
  Peak alpha: 0.0488
  Saved: models/alpha_decay_btc.pkl

============================================================
3. TRAINING LSTM ENSEMBLE (BTC)
============================================================
  PyTorch 2.11.0+cu128 | CUDA: False
  Using 40 strategy features (30 base + 5 Kalman + 5 inflection)
  Sequences: (19915, 30, 40) | SKIP=9367 (47%) TRADE=10548 (53%)
  Removed old checkpoint: bilstm.pth
  Removed old checkpoint: gru.pth
  Removed old checkpoint: lstm.pth
  Classes: 2 (SKIP vs TRADE) | Features: 40
INFO: Loaded thresholds: {'0': {'threshold': 0.3800000000000002, 'best_f1': 0.8602150537141491}, '1': {'threshold': 0.5200000000000004, 'best_f1': 0.4908759123629318}}
INFO: Before oversample: {0: 7425, 1: 9503}
INFO: After oversample: {0: 9503, 1: 9503}
INFO: Class weights (2): [0.9999999999989999, 1.9999999999979998]
INFO: lstm: Early stopping at epoch 28
INFO: lstm: val_loss=0.2201, val_f1=0.603, per_class_f1=['0.554', '0.517']
INFO: gru: Early stopping at epoch 29
INFO: gru: val_loss=0.2287, val_f1=0.582, per_class_f1=['0.613', '0.478']
INFO: bilstm: Early stopping at epoch 27
INFO: bilstm: val_loss=0.2188, val_f1=0.600, per_class_f1=['0.590', '0.461']
INFO: Optimizing classification thresholds...
INFO: Optimal thresholds: {'0': {'threshold': 0.39000000000000024, 'best_f1': 0.7973476999104298}, '1': {'threshold': 0.5000000000000003, 'best_f1': 0.5808605340771122}}
INFO:   Ensemble SKIP: P=0.804 R=0.553 F1=0.655 (n=1942)
INFO:   Ensemble TRADE: P=0.474 R=0.749 F1=0.581 (n=1045)

  Results:
    lstm: val_loss=0.2201 val_f1=0.603 acc=53.6% epochs=29 | F1[0]=55% F1[1]=52%
    gru: val_loss=0.2287 val_f1=0.582 acc=55.5% epochs=30 | F1[0]=61% F1[1]=48%
    bilstm: val_loss=0.2188 val_f1=0.600 acc=53.4% epochs=28 | F1[0]=59% F1[1]=46%
  Test: quality=TRADE L4_prob=0.58 conf=0.58

############################################################
# ETH
############################################################

############################################################
# MULTI-TIMEFRAME DATA: ETH
############################################################

============================================================
FETCHING 50000 1m BARS FOR ETH
============================================================
    ... fetched 1000/50000 bars
    ... fetched 2000/50000 bars
    ... fetched 3000/50000 bars
    ... fetched 4000/50000 bars
    ... fetched 5000/50000 bars
    ... fetched 6000/50000 bars
    ... fetched 7000/50000 bars
    ... fetched 8000/50000 bars
    ... fetched 9000/50000 bars
    ... fetched 10000/50000 bars
    ... fetched 11000/50000 bars
    ... fetched 12000/50000 bars
    ... fetched 13000/50000 bars
    ... fetched 14000/50000 bars
    ... fetched 15000/50000 bars
    ... fetched 16000/50000 bars
    ... fetched 17000/50000 bars
    ... fetched 18000/50000 bars
    ... fetched 19000/50000 bars
    ... fetched 20000/50000 bars
    ... fetched 21000/50000 bars
    ... fetched 22000/50000 bars
    ... fetched 23000/50000 bars
    ... fetched 24000/50000 bars
    ... fetched 25000/50000 bars
    ... fetched 26000/50000 bars
    ... fetched 27000/50000 bars
    ... fetched 28000/50000 bars
    ... fetched 29000/50000 bars
    ... fetched 30000/50000 bars
    ... fetched 31000/50000 bars
    ... fetched 32000/50000 bars
    ... fetched 33000/50000 bars
    ... fetched 34000/50000 bars
    ... fetched 35000/50000 bars
    ... fetched 36000/50000 bars
    ... fetched 37000/50000 bars
    ... fetched 38000/50000 bars
    ... fetched 39000/50000 bars
    ... fetched 40000/50000 bars
    ... fetched 41000/50000 bars
    ... fetched 42000/50000 bars
    ... fetched 43000/50000 bars
    ... fetched 44000/50000 bars
    ... fetched 45000/50000 bars
    ... fetched 46000/50000 bars
    ... fetched 47000/50000 bars
    ... fetched 48000/50000 bars
    ... fetched 49000/50000 bars
    ... fetched 50000/50000 bars
  Fetched 50000 bars (1m) from Binance
  1m: 50000 bars | $2,149.07 | Range: $1,915.63-$2,384.11

============================================================
FETCHING 20000 5m BARS FOR ETH
============================================================
    ... fetched 1000/20000 bars
    ... fetched 2000/20000 bars
    ... fetched 3000/20000 bars
    ... fetched 4000/20000 bars
    ... fetched 5000/20000 bars
    ... fetched 6000/20000 bars
    ... fetched 7000/20000 bars
    ... fetched 8000/20000 bars
    ... fetched 9000/20000 bars
    ... fetched 10000/20000 bars
    ... fetched 11000/20000 bars
    ... fetched 12000/20000 bars
    ... fetched 13000/20000 bars
    ... fetched 14000/20000 bars
    ... fetched 15000/20000 bars
    ... fetched 16000/20000 bars
    ... fetched 17000/20000 bars
    ... fetched 18000/20000 bars
    ... fetched 19000/20000 bars
    ... fetched 20000/20000 bars
  Fetched 20000 bars (5m) from Binance
  5m: 20000 bars | $2,149.36 | Range: $1,746.19-$3,041.10

============================================================
FETCHING 6666 15m BARS FOR ETH
============================================================
    ... fetched 1000/6666 bars
    ... fetched 2000/6666 bars
    ... fetched 3000/6666 bars
    ... fetched 4000/6666 bars
    ... fetched 5000/6666 bars
    ... fetched 6000/6666 bars
    ... fetched 6666/6666 bars
  Fetched 6666 bars (15m) from Binance
  15m: 6666 bars | $2,149.15 | Range: $1,765.49-$3,040.38

============================================================
FETCHING 1666 1h BARS FOR ETH
============================================================
    ... fetched 1000/1666 bars
  Fetched 1666 bars (1h) from Binance
  1h: 1666 bars | $2,149.07 | Range: $1,814.60-$3,038.41

============================================================
FETCHING 416 4h BARS FOR ETH
============================================================
    ... fetched 416/416 bars
  Fetched 416 bars (4h) from Binance
  4h: 416 bars | $2,149.07 | Range: $1,824.63-$3,038.41

============================================================
FETCHING 200 1d BARS FOR ETH
============================================================
    ... fetched 200/200 bars
  Fetched 200 bars (1d) from Binance
  1d: 200 bars | $2,149.07 | Range: $1,824.95-$4,682.43
  Bars: 20000 | Price: $2,149.36 | Range: $1,746.19-$3,041.10

============================================================
1. TRAINING LIGHTGBM CLASSIFIER (ETH)
  Labels: SKIP (L1 death) vs TRADE (L2+ profit locked)
============================================================
  Using 40 strategy features (30 base + 5 Kalman + 5 inflection)
  Training data: 19915 bars | SKIP=7455 (37%) TRADE=12460 (63%)
  TRADE weight: 0.75x
Training until validation scores don't improve for 80 rounds
Early stopping, best iteration is:
[33]	valid_0's binary_logloss: 0.654444
    SKIP(L1-death): n=2137 | P=58% R=87% F1=70%
    TRADE(L2+-profit): n=1846 | P=65% R=29% F1=40%
    TRADE optimal threshold: 0.360 (F1=67%)
    Overall accuracy: 60%
  Top features: ['atr_pct=22674', 'bb_width=2149', 'ema8_vs_ema50=1311', 'log_vol_norm=1247', 'obv_slope=959', 'dist_to_resistance=938', 'macd_hist_norm=764', 'vol_up_vs_down=631']
  Saved: models/lgbm_eth_trained.txt + thresholds

============================================================
2. TRAINING HMM REGIME DETECTOR (ETH)
============================================================
WARNING: Model is not converging.  Current: 237800.92670118948 is not greater than 237822.8169899309. Delta is -21.890288741415134
INFO: HMM fitted on 19999 observations, 4 states, score=237774.58
  HMM fitted on 19999 observations
  Current regime: sideways (conf: 0.00)
  Crisis prob: 0.000
  Saved: models/hmm_eth.pkl

============================================================
5. TRAINING GARCH(1,1) (ETH)
============================================================
  Fitted on 20000 prices
  Current vol: 0.001211
  Params: omega=0.000000 alpha=0.1500 beta=0.7000
  Persistence: 0.8500 (should be < 1.0)
  Saved: models/garch_eth.pkl

============================================================
6. TRAINING ALPHA DECAY (ETH)
============================================================
INFO: Alpha Decay: lambda=0.0226, half_life=30.6 bars, optimal_hold=18 bars, peak_IC=-0.0562
  Half-life: 30.6 bars (153 min)
  Optimal hold: 18 bars (90 min)
  Peak alpha: 0.0562
  Saved: models/alpha_decay_eth.pkl

============================================================
3. TRAINING LSTM ENSEMBLE (ETH)
============================================================
  PyTorch 2.11.0+cu128 | CUDA: False
  Using 40 strategy features (30 base + 5 Kalman + 5 inflection)
  Sequences: (19915, 30, 40) | SKIP=7455 (37%) TRADE=12460 (63%)
  Removed old checkpoint: bilstm.pth
  Removed old checkpoint: gru.pth
  Removed old checkpoint: lstm.pth
  Classes: 2 (SKIP vs TRADE) | Features: 40
INFO: Loaded thresholds: {'0': {'threshold': 0.31000000000000016, 'best_f1': 0.7936507936028564}, '1': {'threshold': 0.4700000000000003, 'best_f1': 0.6248256624356303}}
INFO: Before oversample: {0: 5767, 1: 11161}
INFO: After oversample: {0: 11161, 1: 11161}
INFO: Class weights (2): [0.9999999999989999, 1.9999999999979998]
INFO: lstm: Early stopping at epoch 31
INFO: lstm: val_loss=0.2511, val_f1=0.608, per_class_f1=['0.581', '0.569']
INFO: gru: Early stopping at epoch 34
INFO: gru: val_loss=0.2611, val_f1=0.623, per_class_f1=['0.595', '0.565']
INFO: bilstm: Early stopping at epoch 28
INFO: bilstm: val_loss=0.2489, val_f1=0.605, per_class_f1=['0.533', '0.586']
INFO: Optimizing classification thresholds...
INFO: Optimal thresholds: {'0': {'threshold': 0.15, 'best_f1': 0.7221390373869845}, '1': {'threshold': 0.4700000000000003, 'best_f1': 0.644398462855403}}
INFO:   Ensemble SKIP: P=0.732 R=0.499 F1=0.593 (n=1688)
INFO:   Ensemble TRADE: P=0.539 R=0.763 F1=0.632 (n=1299)

  Results:
    lstm: val_loss=0.2511 val_f1=0.608 acc=57.5% epochs=32 | F1[0]=58% F1[1]=57%
    gru: val_loss=0.2611 val_f1=0.623 acc=58.1% epochs=35 | F1[0]=59% F1[1]=57%
    bilstm: val_loss=0.2489 val_f1=0.605 acc=56.1% epochs=29 | F1[0]=53% F1[1]=59%
  Test: quality=TRADE L4_prob=0.62 conf=0.62

============================================================
TRAINING SUMMARY - Cycle #2 (took 1239s)
============================================================
  [OK] BTC_lgbm
  [OK] BTC_hmm
  [OK] BTC_garch
  [OK] BTC_alpha
  [OK] BTC_lstm
  [OK] ETH_lgbm
  [OK] ETH_hmm
  [OK] ETH_garch
  [OK] ETH_alpha
  [OK] ETH_lstm
  Score: 10/10 models trained successfully
============================================================

  Next training: 2026-04-07 00:58:00 UTC
  Sleeping 14400s...
